
   WARN  Incorrect filter configuration, code coverage will not be processed

   PASS  Tests\Unit\ExampleTest
  âœ“ that true is true

   FAIL  Tests\Feature\Auth\AuthenticationTest
  â¨¯ login screen can be rendered                                         0.17s  
  â¨¯ users can authenticate using the login screen                        0.04s  
  â¨¯ users can not authenticate with invalid password                     0.02s  
  â¨¯ users can logout                                                     0.02s  

   FAIL  Tests\Feature\Auth\EmailVerificationTest
  â¨¯ email verification screen can be rendered                            0.03s  
  â¨¯ email can be verified                                                0.03s  
  â¨¯ email is not verified with invalid hash                              0.02s  

   FAIL  Tests\Feature\Auth\PasswordConfirmationTest
  â¨¯ confirm password screen can be rendered                              0.03s  
  â¨¯ password can be confirmed                                            0.02s  
  â¨¯ password is not confirmed with invalid password                      0.02s  

   FAIL  Tests\Feature\Auth\PasswordResetTest
  â¨¯ reset password link screen can be rendered                           0.03s  
  â¨¯ reset password link can be requested                                 0.03s  
  â¨¯ reset password screen can be rendered                                0.02s  
  â¨¯ password can be reset with valid token                               0.02s  

   FAIL  Tests\Feature\Auth\RegistrationTest
  â¨¯ registration screen can be rendered                                  0.03s  
  â¨¯ new users can register                                               0.02s  

   FAIL  Tests\Feature\DashboardTest
  â¨¯ guests are redirected to the login page                              0.02s  
  â¨¯ authenticated users can visit the dashboard                          0.02s  

   WARN  Tests\Feature\Domain\User\UpdateUserProfileActionTest
  ! can update user profile â†’ file_get_contents(/home/runner/work/Laravâ€¦ 0.04s  
  ! email verified at is reset when email changes â†’ file_get_contents(/â€¦ 0.02s  

   FAIL  Tests\Feature\ExampleTest
  â¨¯ it returns a successful response                                     0.02s  

   FAIL  Tests\Feature\Settings\PasswordUpdateTest
  â¨¯ password can be updated                                              0.02s  
  â¨¯ correct password must be provided to update password                 0.02s  

   FAIL  Tests\Feature\Settings\ProfileUpdateTest
  â¨¯ profile page is displayed                                            0.02s  
  â¨¯ profile information can be updated                                   0.02s  
  â¨¯ email verification status is unchanged when the email address is unâ€¦ 0.02s  
  â¨¯ user can delete their account                                        0.02s  
  â¨¯ correct password must be provided to delete account                  0.02s  
  â”€â”€â”€â”€â”€â”€â”€â”€â”€â”€â”€â”€â”€â”€â”€â”€â”€â”€â”€â”€â”€â”€â”€â”€â”€â”€â”€â”€â”€â”€â”€â”€â”€â”€â”€â”€â”€â”€â”€â”€â”€â”€â”€â”€â”€â”€â”€â”€â”€â”€â”€â”€â”€â”€â”€â”€â”€â”€â”€â”€â”€â”€â”€â”€â”€â”€â”€â”€â”€â”€â”€â”€â”€â”€â”€â”€  
   FAILED  Tests\Feature\Auth\AuthenticationTest > lâ€¦  MissingAppKeyException   
  No application encryption key has been specified.

  at vendor/laravel/framework/src/Illuminate/Encryption/EncryptionServiceProvider.php:83
     79â–•     protected function key(array $config)
     80â–•     {
     81â–•         return tap($config['key'], function ($key) {
     82â–•             if (empty($key)) {
  âžœ  83â–•                 throw new MissingAppKeyException;
     84â–•             }
     85â–•         });
     86â–•     }
     87â–• }

      [2m+19 vendor frames [22m
  20  tests/Feature/Auth/AuthenticationTest.php:8

  â”€â”€â”€â”€â”€â”€â”€â”€â”€â”€â”€â”€â”€â”€â”€â”€â”€â”€â”€â”€â”€â”€â”€â”€â”€â”€â”€â”€â”€â”€â”€â”€â”€â”€â”€â”€â”€â”€â”€â”€â”€â”€â”€â”€â”€â”€â”€â”€â”€â”€â”€â”€â”€â”€â”€â”€â”€â”€â”€â”€â”€â”€â”€â”€â”€â”€â”€â”€â”€â”€â”€â”€â”€â”€â”€â”€  
   FAILED  Tests\Feature\Auth\AuthenticationTest > uâ€¦  MissingAppKeyException   
  No application encryption key has been specified.

  at vendor/laravel/framework/src/Illuminate/Encryption/EncryptionServiceProvider.php:83
     79â–•     protected function key(array $config)
     80â–•     {
     81â–•         return tap($config['key'], function ($key) {
     82â–•             if (empty($key)) {
  âžœ  83â–•                 throw new MissingAppKeyException;
     84â–•             }
     85â–•         });
     86â–•     }
     87â–• }

      [2m+19 vendor frames [22m
  20  tests/Feature/Auth/AuthenticationTest.php:16

  â”€â”€â”€â”€â”€â”€â”€â”€â”€â”€â”€â”€â”€â”€â”€â”€â”€â”€â”€â”€â”€â”€â”€â”€â”€â”€â”€â”€â”€â”€â”€â”€â”€â”€â”€â”€â”€â”€â”€â”€â”€â”€â”€â”€â”€â”€â”€â”€â”€â”€â”€â”€â”€â”€â”€â”€â”€â”€â”€â”€â”€â”€â”€â”€â”€â”€â”€â”€â”€â”€â”€â”€â”€â”€â”€â”€  
   FAILED  Tests\Feature\Auth\AuthenticationTest > uâ€¦  MissingAppKeyException   
  No application encryption key has been specified.

  at vendor/laravel/framework/src/Illuminate/Encryption/EncryptionServiceProvider.php:83
     79â–•     protected function key(array $config)
     80â–•     {
     81â–•         return tap($config['key'], function ($key) {
     82â–•             if (empty($key)) {
  âžœ  83â–•                 throw new MissingAppKeyException;
     84â–•             }
     85â–•         });
     86â–•     }
     87â–• }

      [2m+19 vendor frames [22m
  20  tests/Feature/Auth/AuthenticationTest.php:28

  â”€â”€â”€â”€â”€â”€â”€â”€â”€â”€â”€â”€â”€â”€â”€â”€â”€â”€â”€â”€â”€â”€â”€â”€â”€â”€â”€â”€â”€â”€â”€â”€â”€â”€â”€â”€â”€â”€â”€â”€â”€â”€â”€â”€â”€â”€â”€â”€â”€â”€â”€â”€â”€â”€â”€â”€â”€â”€â”€â”€â”€â”€â”€â”€â”€â”€â”€â”€â”€â”€â”€â”€â”€â”€â”€â”€  
   FAILED  Tests\Feature\Auth\AuthenticationTest > uâ€¦  MissingAppKeyException   
  No application encryption key has been specified.

  at vendor/laravel/framework/src/Illuminate/Encryption/EncryptionServiceProvider.php:83
     79â–•     protected function key(array $config)
     80â–•     {
     81â–•         return tap($config['key'], function ($key) {
     82â–•             if (empty($key)) {
  âžœ  83â–•                 throw new MissingAppKeyException;
     84â–•             }
     85â–•         });
     86â–•     }
     87â–• }

      [2m+19 vendor frames [22m
  20  tests/Feature/Auth/AuthenticationTest.php:39

  â”€â”€â”€â”€â”€â”€â”€â”€â”€â”€â”€â”€â”€â”€â”€â”€â”€â”€â”€â”€â”€â”€â”€â”€â”€â”€â”€â”€â”€â”€â”€â”€â”€â”€â”€â”€â”€â”€â”€â”€â”€â”€â”€â”€â”€â”€â”€â”€â”€â”€â”€â”€â”€â”€â”€â”€â”€â”€â”€â”€â”€â”€â”€â”€â”€â”€â”€â”€â”€â”€â”€â”€â”€â”€â”€â”€  
   FAILED  Tests\Feature\Auth\EmailVerificationTestâ€¦   MissingAppKeyException   
  No application encryption key has been specified.

  at vendor/laravel/framework/src/Illuminate/Encryption/EncryptionServiceProvider.php:83
     79â–•     protected function key(array $config)
     80â–•     {
     81â–•         return tap($config['key'], function ($key) {
     82â–•             if (empty($key)) {
  âžœ  83â–•                 throw new MissingAppKeyException;
     84â–•             }
     85â–•         });
     86â–•     }
     87â–• }

      [2m+19 vendor frames [22m
  20  tests/Feature/Auth/EmailVerificationTest.php:13

  â”€â”€â”€â”€â”€â”€â”€â”€â”€â”€â”€â”€â”€â”€â”€â”€â”€â”€â”€â”€â”€â”€â”€â”€â”€â”€â”€â”€â”€â”€â”€â”€â”€â”€â”€â”€â”€â”€â”€â”€â”€â”€â”€â”€â”€â”€â”€â”€â”€â”€â”€â”€â”€â”€â”€â”€â”€â”€â”€â”€â”€â”€â”€â”€â”€â”€â”€â”€â”€â”€â”€â”€â”€â”€â”€â”€  
   FAILED  Tests\Feature\Auth\EmailVerificationTestâ€¦   MissingAppKeyException   
  No application encryption key has been specified.

  at vendor/laravel/framework/src/Illuminate/Encryption/EncryptionServiceProvider.php:83
     79â–•     protected function key(array $config)
     80â–•     {
     81â–•         return tap($config['key'], function ($key) {
     82â–•             if (empty($key)) {
  âžœ  83â–•                 throw new MissingAppKeyException;
     84â–•             }
     85â–•         });
     86â–•     }
     87â–• }

      [2m+19 vendor frames [22m
  20  tests/Feature/Auth/EmailVerificationTest.php:29

  â”€â”€â”€â”€â”€â”€â”€â”€â”€â”€â”€â”€â”€â”€â”€â”€â”€â”€â”€â”€â”€â”€â”€â”€â”€â”€â”€â”€â”€â”€â”€â”€â”€â”€â”€â”€â”€â”€â”€â”€â”€â”€â”€â”€â”€â”€â”€â”€â”€â”€â”€â”€â”€â”€â”€â”€â”€â”€â”€â”€â”€â”€â”€â”€â”€â”€â”€â”€â”€â”€â”€â”€â”€â”€â”€â”€  
   FAILED  Tests\Feature\Auth\EmailVerificationTestâ€¦   MissingAppKeyException   
  No application encryption key has been specified.

  at vendor/laravel/framework/src/Illuminate/Encryption/EncryptionServiceProvider.php:83
     79â–•     protected function key(array $config)
     80â–•     {
     81â–•         return tap($config['key'], function ($key) {
     82â–•             if (empty($key)) {
  âžœ  83â–•                 throw new MissingAppKeyException;
     84â–•             }
     85â–•         });
     86â–•     }
     87â–• }

      [2m+19 vendor frames [22m
  20  tests/Feature/Auth/EmailVerificationTest.php:45

  â”€â”€â”€â”€â”€â”€â”€â”€â”€â”€â”€â”€â”€â”€â”€â”€â”€â”€â”€â”€â”€â”€â”€â”€â”€â”€â”€â”€â”€â”€â”€â”€â”€â”€â”€â”€â”€â”€â”€â”€â”€â”€â”€â”€â”€â”€â”€â”€â”€â”€â”€â”€â”€â”€â”€â”€â”€â”€â”€â”€â”€â”€â”€â”€â”€â”€â”€â”€â”€â”€â”€â”€â”€â”€â”€â”€  
   FAILED  Tests\Feature\Auth\PasswordConfirmationTeâ€¦  MissingAppKeyException   
  No application encryption key has been specified.

  at vendor/laravel/framework/src/Illuminate/Encryption/EncryptionServiceProvider.php:83
     79â–•     protected function key(array $config)
     80â–•     {
     81â–•         return tap($config['key'], function ($key) {
     82â–•             if (empty($key)) {
  âžœ  83â–•                 throw new MissingAppKeyException;
     84â–•             }
     85â–•         });
     86â–•     }
     87â–• }

      [2m+19 vendor frames [22m
  20  tests/Feature/Auth/PasswordConfirmationTest.php:10

  â”€â”€â”€â”€â”€â”€â”€â”€â”€â”€â”€â”€â”€â”€â”€â”€â”€â”€â”€â”€â”€â”€â”€â”€â”€â”€â”€â”€â”€â”€â”€â”€â”€â”€â”€â”€â”€â”€â”€â”€â”€â”€â”€â”€â”€â”€â”€â”€â”€â”€â”€â”€â”€â”€â”€â”€â”€â”€â”€â”€â”€â”€â”€â”€â”€â”€â”€â”€â”€â”€â”€â”€â”€â”€â”€â”€  
   FAILED  Tests\Feature\Auth\PasswordConfirmationTeâ€¦  MissingAppKeyException   
  No application encryption key has been specified.

  at vendor/laravel/framework/src/Illuminate/Encryption/EncryptionServiceProvider.php:83
     79â–•     protected function key(array $config)
     80â–•     {
     81â–•         return tap($config['key'], function ($key) {
     82â–•             if (empty($key)) {
  âžœ  83â–•                 throw new MissingAppKeyException;
     84â–•             }
     85â–•         });
     86â–•     }
     87â–• }

      [2m+19 vendor frames [22m
  20  tests/Feature/Auth/PasswordConfirmationTest.php:18

  â”€â”€â”€â”€â”€â”€â”€â”€â”€â”€â”€â”€â”€â”€â”€â”€â”€â”€â”€â”€â”€â”€â”€â”€â”€â”€â”€â”€â”€â”€â”€â”€â”€â”€â”€â”€â”€â”€â”€â”€â”€â”€â”€â”€â”€â”€â”€â”€â”€â”€â”€â”€â”€â”€â”€â”€â”€â”€â”€â”€â”€â”€â”€â”€â”€â”€â”€â”€â”€â”€â”€â”€â”€â”€â”€â”€  
   FAILED  Tests\Feature\Auth\PasswordConfirmationTeâ€¦  MissingAppKeyException   
  No application encryption key has been specified.

  at vendor/laravel/framework/src/Illuminate/Encryption/EncryptionServiceProvider.php:83
     79â–•     protected function key(array $config)
     80â–•     {
     81â–•         return tap($config['key'], function ($key) {
     82â–•             if (empty($key)) {
  âžœ  83â–•                 throw new MissingAppKeyException;
     84â–•             }
     85â–•         });
     86â–•     }
     87â–• }

      [2m+19 vendor frames [22m
  20  tests/Feature/Auth/PasswordConfirmationTest.php:29

  â”€â”€â”€â”€â”€â”€â”€â”€â”€â”€â”€â”€â”€â”€â”€â”€â”€â”€â”€â”€â”€â”€â”€â”€â”€â”€â”€â”€â”€â”€â”€â”€â”€â”€â”€â”€â”€â”€â”€â”€â”€â”€â”€â”€â”€â”€â”€â”€â”€â”€â”€â”€â”€â”€â”€â”€â”€â”€â”€â”€â”€â”€â”€â”€â”€â”€â”€â”€â”€â”€â”€â”€â”€â”€â”€â”€  
   FAILED  Tests\Feature\Auth\PasswordResetTest > reâ€¦  MissingAppKeyException   
  No application encryption key has been specified.

  at vendor/laravel/framework/src/Illuminate/Encryption/EncryptionServiceProvider.php:83
     79â–•     protected function key(array $config)
     80â–•     {
     81â–•         return tap($config['key'], function ($key) {
     82â–•             if (empty($key)) {
  âžœ  83â–•                 throw new MissingAppKeyException;
     84â–•             }
     85â–•         });
     86â–•     }
     87â–• }

      [2m+19 vendor frames [22m
  20  tests/Feature/Auth/PasswordResetTest.php:10

  â”€â”€â”€â”€â”€â”€â”€â”€â”€â”€â”€â”€â”€â”€â”€â”€â”€â”€â”€â”€â”€â”€â”€â”€â”€â”€â”€â”€â”€â”€â”€â”€â”€â”€â”€â”€â”€â”€â”€â”€â”€â”€â”€â”€â”€â”€â”€â”€â”€â”€â”€â”€â”€â”€â”€â”€â”€â”€â”€â”€â”€â”€â”€â”€â”€â”€â”€â”€â”€â”€â”€â”€â”€â”€â”€â”€  
   FAILED  Tests\Feature\Auth\PasswordResetTest > reâ€¦  MissingAppKeyException   
  No application encryption key has been specified.

  at vendor/laravel/framework/src/Illuminate/Encryption/EncryptionServiceProvider.php:83
     79â–•     protected function key(array $config)
     80â–•     {
     81â–•         return tap($config['key'], function ($key) {
     82â–•             if (empty($key)) {
  âžœ  83â–•                 throw new MissingAppKeyException;
     84â–•             }
     85â–•         });
     86â–•     }
     87â–• }

      [2m+19 vendor frames [22m
  20  tests/Feature/Auth/PasswordResetTest.php:20

  â”€â”€â”€â”€â”€â”€â”€â”€â”€â”€â”€â”€â”€â”€â”€â”€â”€â”€â”€â”€â”€â”€â”€â”€â”€â”€â”€â”€â”€â”€â”€â”€â”€â”€â”€â”€â”€â”€â”€â”€â”€â”€â”€â”€â”€â”€â”€â”€â”€â”€â”€â”€â”€â”€â”€â”€â”€â”€â”€â”€â”€â”€â”€â”€â”€â”€â”€â”€â”€â”€â”€â”€â”€â”€â”€â”€  
   FAILED  Tests\Feature\Auth\PasswordResetTest > reâ€¦  MissingAppKeyException   
  No application encryption key has been specified.

  at vendor/laravel/framework/src/Illuminate/Encryption/EncryptionServiceProvider.php:83
     79â–•     protected function key(array $config)
     80â–•     {
     81â–•         return tap($config['key'], function ($key) {
     82â–•             if (empty($key)) {
  âžœ  83â–•                 throw new MissingAppKeyException;
     84â–•             }
     85â–•         });
     86â–•     }
     87â–• }

      [2m+19 vendor frames [22m
  20  tests/Feature/Auth/PasswordResetTest.php:30

  â”€â”€â”€â”€â”€â”€â”€â”€â”€â”€â”€â”€â”€â”€â”€â”€â”€â”€â”€â”€â”€â”€â”€â”€â”€â”€â”€â”€â”€â”€â”€â”€â”€â”€â”€â”€â”€â”€â”€â”€â”€â”€â”€â”€â”€â”€â”€â”€â”€â”€â”€â”€â”€â”€â”€â”€â”€â”€â”€â”€â”€â”€â”€â”€â”€â”€â”€â”€â”€â”€â”€â”€â”€â”€â”€â”€  
   FAILED  Tests\Feature\Auth\PasswordResetTest > paâ€¦  MissingAppKeyException   
  No application encryption key has been specified.

  at vendor/laravel/framework/src/Illuminate/Encryption/EncryptionServiceProvider.php:83
     79â–•     protected function key(array $config)
     80â–•     {
     81â–•         return tap($config['key'], function ($key) {
     82â–•             if (empty($key)) {
  âžœ  83â–•                 throw new MissingAppKeyException;
     84â–•             }
     85â–•         });
     86â–•     }
     87â–• }

      [2m+19 vendor frames [22m
  20  tests/Feature/Auth/PasswordResetTest.php:46

  â”€â”€â”€â”€â”€â”€â”€â”€â”€â”€â”€â”€â”€â”€â”€â”€â”€â”€â”€â”€â”€â”€â”€â”€â”€â”€â”€â”€â”€â”€â”€â”€â”€â”€â”€â”€â”€â”€â”€â”€â”€â”€â”€â”€â”€â”€â”€â”€â”€â”€â”€â”€â”€â”€â”€â”€â”€â”€â”€â”€â”€â”€â”€â”€â”€â”€â”€â”€â”€â”€â”€â”€â”€â”€â”€â”€  
   FAILED  Tests\Feature\Auth\RegistrationTest > regâ€¦  MissingAppKeyException   
  No application encryption key has been specified.

  at vendor/laravel/framework/src/Illuminate/Encryption/EncryptionServiceProvider.php:83
     79â–•     protected function key(array $config)
     80â–•     {
     81â–•         return tap($config['key'], function ($key) {
     82â–•             if (empty($key)) {
  âžœ  83â–•                 throw new MissingAppKeyException;
     84â–•             }
     85â–•         });
     86â–•     }
     87â–• }

      [2m+19 vendor frames [22m
  20  tests/Feature/Auth/RegistrationTest.php:6

  â”€â”€â”€â”€â”€â”€â”€â”€â”€â”€â”€â”€â”€â”€â”€â”€â”€â”€â”€â”€â”€â”€â”€â”€â”€â”€â”€â”€â”€â”€â”€â”€â”€â”€â”€â”€â”€â”€â”€â”€â”€â”€â”€â”€â”€â”€â”€â”€â”€â”€â”€â”€â”€â”€â”€â”€â”€â”€â”€â”€â”€â”€â”€â”€â”€â”€â”€â”€â”€â”€â”€â”€â”€â”€â”€â”€  
   FAILED  Tests\Feature\Auth\RegistrationTest > newâ€¦  MissingAppKeyException   
  No application encryption key has been specified.

  at vendor/laravel/framework/src/Illuminate/Encryption/EncryptionServiceProvider.php:83
     79â–•     protected function key(array $config)
     80â–•     {
     81â–•         return tap($config['key'], function ($key) {
     82â–•             if (empty($key)) {
  âžœ  83â–•                 throw new MissingAppKeyException;
     84â–•             }
     85â–•         });
     86â–•     }
     87â–• }

      [2m+19 vendor frames [22m
  20  tests/Feature/Auth/RegistrationTest.php:12

  â”€â”€â”€â”€â”€â”€â”€â”€â”€â”€â”€â”€â”€â”€â”€â”€â”€â”€â”€â”€â”€â”€â”€â”€â”€â”€â”€â”€â”€â”€â”€â”€â”€â”€â”€â”€â”€â”€â”€â”€â”€â”€â”€â”€â”€â”€â”€â”€â”€â”€â”€â”€â”€â”€â”€â”€â”€â”€â”€â”€â”€â”€â”€â”€â”€â”€â”€â”€â”€â”€â”€â”€â”€â”€â”€â”€  
   FAILED  Tests\Feature\DashboardTest > guests areâ€¦   MissingAppKeyException   
  No application encryption key has been specified.

  at vendor/laravel/framework/src/Illuminate/Encryption/EncryptionServiceProvider.php:83
     79â–•     protected function key(array $config)
     80â–•     {
     81â–•         return tap($config['key'], function ($key) {
     82â–•             if (empty($key)) {
  âžœ  83â–•                 throw new MissingAppKeyException;
     84â–•             }
     85â–•         });
     86â–•     }
     87â–• }

      [2m+19 vendor frames [22m
  20  tests/Feature/DashboardTest.php:8

  â”€â”€â”€â”€â”€â”€â”€â”€â”€â”€â”€â”€â”€â”€â”€â”€â”€â”€â”€â”€â”€â”€â”€â”€â”€â”€â”€â”€â”€â”€â”€â”€â”€â”€â”€â”€â”€â”€â”€â”€â”€â”€â”€â”€â”€â”€â”€â”€â”€â”€â”€â”€â”€â”€â”€â”€â”€â”€â”€â”€â”€â”€â”€â”€â”€â”€â”€â”€â”€â”€â”€â”€â”€â”€â”€â”€  
   FAILED  Tests\Feature\DashboardTest > authenticatâ€¦  MissingAppKeyException   
  No application encryption key has been specified.

  at vendor/laravel/framework/src/Illuminate/Encryption/EncryptionServiceProvider.php:83
     79â–•     protected function key(array $config)
     80â–•     {
     81â–•         return tap($config['key'], function ($key) {
     82â–•             if (empty($key)) {
  âžœ  83â–•                 throw new MissingAppKeyException;
     84â–•             }
     85â–•         });
     86â–•     }
     87â–• }

      [2m+19 vendor frames [22m
  20  tests/Feature/DashboardTest.php:16

  â”€â”€â”€â”€â”€â”€â”€â”€â”€â”€â”€â”€â”€â”€â”€â”€â”€â”€â”€â”€â”€â”€â”€â”€â”€â”€â”€â”€â”€â”€â”€â”€â”€â”€â”€â”€â”€â”€â”€â”€â”€â”€â”€â”€â”€â”€â”€â”€â”€â”€â”€â”€â”€â”€â”€â”€â”€â”€â”€â”€â”€â”€â”€â”€â”€â”€â”€â”€â”€â”€â”€â”€â”€â”€â”€â”€  
   FAILED  Tests\Feature\ExampleTest > it returns aâ€¦   MissingAppKeyException   
  No application encryption key has been specified.

  at vendor/laravel/framework/src/Illuminate/Encryption/EncryptionServiceProvider.php:83
     79â–•     protected function key(array $config)
     80â–•     {
     81â–•         return tap($config['key'], function ($key) {
     82â–•             if (empty($key)) {
  âžœ  83â–•                 throw new MissingAppKeyException;
     84â–•             }
     85â–•         });
     86â–•     }
     87â–• }

      [2m+19 vendor frames [22m
  20  tests/Feature/ExampleTest.php:4

  â”€â”€â”€â”€â”€â”€â”€â”€â”€â”€â”€â”€â”€â”€â”€â”€â”€â”€â”€â”€â”€â”€â”€â”€â”€â”€â”€â”€â”€â”€â”€â”€â”€â”€â”€â”€â”€â”€â”€â”€â”€â”€â”€â”€â”€â”€â”€â”€â”€â”€â”€â”€â”€â”€â”€â”€â”€â”€â”€â”€â”€â”€â”€â”€â”€â”€â”€â”€â”€â”€â”€â”€â”€â”€â”€â”€  
   FAILED  Tests\Feature\Settings\PasswordUpdateTestâ€¦  MissingAppKeyException   
  No application encryption key has been specified.

  at vendor/laravel/framework/src/Illuminate/Encryption/EncryptionServiceProvider.php:83
     79â–•     protected function key(array $config)
     80â–•     {
     81â–•         return tap($config['key'], function ($key) {
     82â–•             if (empty($key)) {
  âžœ  83â–•                 throw new MissingAppKeyException;
     84â–•             }
     85â–•         });
     86â–•     }
     87â–• }

      [2m+19 vendor frames [22m
  20  tests/Feature/Settings/PasswordUpdateTest.php:14

  â”€â”€â”€â”€â”€â”€â”€â”€â”€â”€â”€â”€â”€â”€â”€â”€â”€â”€â”€â”€â”€â”€â”€â”€â”€â”€â”€â”€â”€â”€â”€â”€â”€â”€â”€â”€â”€â”€â”€â”€â”€â”€â”€â”€â”€â”€â”€â”€â”€â”€â”€â”€â”€â”€â”€â”€â”€â”€â”€â”€â”€â”€â”€â”€â”€â”€â”€â”€â”€â”€â”€â”€â”€â”€â”€â”€  
   FAILED  Tests\Feature\Settings\PasswordUpdateTestâ€¦  MissingAppKeyException   
  No application encryption key has been specified.

  at vendor/laravel/framework/src/Illuminate/Encryption/EncryptionServiceProvider.php:83
     79â–•     protected function key(array $config)
     80â–•     {
     81â–•         return tap($config['key'], function ($key) {
     82â–•             if (empty($key)) {
  âžœ  83â–•                 throw new MissingAppKeyException;
     84â–•             }
     85â–•         });
     86â–•     }
     87â–• }

      [2m+19 vendor frames [22m
  20  tests/Feature/Settings/PasswordUpdateTest.php:33

  â”€â”€â”€â”€â”€â”€â”€â”€â”€â”€â”€â”€â”€â”€â”€â”€â”€â”€â”€â”€â”€â”€â”€â”€â”€â”€â”€â”€â”€â”€â”€â”€â”€â”€â”€â”€â”€â”€â”€â”€â”€â”€â”€â”€â”€â”€â”€â”€â”€â”€â”€â”€â”€â”€â”€â”€â”€â”€â”€â”€â”€â”€â”€â”€â”€â”€â”€â”€â”€â”€â”€â”€â”€â”€â”€â”€  
   FAILED  Tests\Feature\Settings\ProfileUpdateTestâ€¦   MissingAppKeyException   
  No application encryption key has been specified.

  at vendor/laravel/framework/src/Illuminate/Encryption/EncryptionServiceProvider.php:83
     79â–•     protected function key(array $config)
     80â–•     {
     81â–•         return tap($config['key'], function ($key) {
     82â–•             if (empty($key)) {
  âžœ  83â–•                 throw new MissingAppKeyException;
     84â–•             }
     85â–•         });
     86â–•     }
     87â–• }

      [2m+19 vendor frames [22m
  20  tests/Feature/Settings/ProfileUpdateTest.php:12

  â”€â”€â”€â”€â”€â”€â”€â”€â”€â”€â”€â”€â”€â”€â”€â”€â”€â”€â”€â”€â”€â”€â”€â”€â”€â”€â”€â”€â”€â”€â”€â”€â”€â”€â”€â”€â”€â”€â”€â”€â”€â”€â”€â”€â”€â”€â”€â”€â”€â”€â”€â”€â”€â”€â”€â”€â”€â”€â”€â”€â”€â”€â”€â”€â”€â”€â”€â”€â”€â”€â”€â”€â”€â”€â”€â”€  
   FAILED  Tests\Feature\Settings\ProfileUpdateTestâ€¦   MissingAppKeyException   
  No application encryption key has been specified.

  at vendor/laravel/framework/src/Illuminate/Encryption/EncryptionServiceProvider.php:83
     79â–•     protected function key(array $config)
     80â–•     {
     81â–•         return tap($config['key'], function ($key) {
     82â–•             if (empty($key)) {
  âžœ  83â–•                 throw new MissingAppKeyException;
     84â–•             }
     85â–•         });
     86â–•     }
     87â–• }

      [2m+19 vendor frames [22m
  20  tests/Feature/Settings/ProfileUpdateTest.php:22

  â”€â”€â”€â”€â”€â”€â”€â”€â”€â”€â”€â”€â”€â”€â”€â”€â”€â”€â”€â”€â”€â”€â”€â”€â”€â”€â”€â”€â”€â”€â”€â”€â”€â”€â”€â”€â”€â”€â”€â”€â”€â”€â”€â”€â”€â”€â”€â”€â”€â”€â”€â”€â”€â”€â”€â”€â”€â”€â”€â”€â”€â”€â”€â”€â”€â”€â”€â”€â”€â”€â”€â”€â”€â”€â”€â”€  
   FAILED  Tests\Feature\Settings\ProfileUpdateTestâ€¦   MissingAppKeyException   
  No application encryption key has been specified.

  at vendor/laravel/framework/src/Illuminate/Encryption/EncryptionServiceProvider.php:83
     79â–•     protected function key(array $config)
     80â–•     {
     81â–•         return tap($config['key'], function ($key) {
     82â–•             if (empty($key)) {
  âžœ  83â–•                 throw new MissingAppKeyException;
     84â–•             }
     85â–•         });
     86â–•     }
     87â–• }

      [2m+19 vendor frames [22m
  20  tests/Feature/Settings/ProfileUpdateTest.php:43

  â”€â”€â”€â”€â”€â”€â”€â”€â”€â”€â”€â”€â”€â”€â”€â”€â”€â”€â”€â”€â”€â”€â”€â”€â”€â”€â”€â”€â”€â”€â”€â”€â”€â”€â”€â”€â”€â”€â”€â”€â”€â”€â”€â”€â”€â”€â”€â”€â”€â”€â”€â”€â”€â”€â”€â”€â”€â”€â”€â”€â”€â”€â”€â”€â”€â”€â”€â”€â”€â”€â”€â”€â”€â”€â”€â”€  
   FAILED  Tests\Feature\Settings\ProfileUpdateTestâ€¦   MissingAppKeyException   
  No application encryption key has been specified.

  at vendor/laravel/framework/src/Illuminate/Encryption/EncryptionServiceProvider.php:83
     79â–•     protected function key(array $config)
     80â–•     {
     81â–•         return tap($config['key'], function ($key) {
     82â–•             if (empty($key)) {
  âžœ  83â–•                 throw new MissingAppKeyException;
     84â–•             }
     85â–•         });
     86â–•     }
     87â–• }

      [2m+19 vendor frames [22m
  20  tests/Feature/Settings/ProfileUpdateTest.php:60

  â”€â”€â”€â”€â”€â”€â”€â”€â”€â”€â”€â”€â”€â”€â”€â”€â”€â”€â”€â”€â”€â”€â”€â”€â”€â”€â”€â”€â”€â”€â”€â”€â”€â”€â”€â”€â”€â”€â”€â”€â”€â”€â”€â”€â”€â”€â”€â”€â”€â”€â”€â”€â”€â”€â”€â”€â”€â”€â”€â”€â”€â”€â”€â”€â”€â”€â”€â”€â”€â”€â”€â”€â”€â”€â”€â”€  
   FAILED  Tests\Feature\Settings\ProfileUpdateTestâ€¦   MissingAppKeyException   
  No application encryption key has been specified.

  at vendor/laravel/framework/src/Illuminate/Encryption/EncryptionServiceProvider.php:83
     79â–•     protected function key(array $config)
     80â–•     {
     81â–•         return tap($config['key'], function ($key) {
     82â–•             if (empty($key)) {
  âžœ  83â–•                 throw new MissingAppKeyException;
     84â–•             }
     85â–•         });
     86â–•     }
     87â–• }

      [2m+19 vendor frames [22m
  20  tests/Feature/Settings/ProfileUpdateTest.php:78


  Tests:    26 failed, 2 warnings, 1 passed (5 assertions)
  Duration: 1.00s

